Build started 7/25/2019 4:42:53 PM.
     1>Project "c:\Users\inam baig\documents\visual studio 2013\Projects\Project43\Project43\Project43.vcxproj" on node 2 (Build target(s)).
     1>ClCompile:
         C:\Program Files (x86)\Microsoft Visual Studio 12.0\VC\bin\CL.exe /c /ZI /nologo /W3 /WX- /sdl /Od /Oy- /D _MBCS /Gm /EHsc /RTC1 /MDd /GS /fp:precise /Zc:wchar_t /Zc:forScope /Fo"Debug\\" /Fd"Debug\vc120.pdb" /Gd /TP /analyze- /errorReport:prompt Floyd.cpp Source.cpp Source1.cpp
         Source1.cpp
     1>c:\users\inam baig\documents\visual studio 2013\projects\project43\project43\floyd.cpp(11): error C2660: 'addWithInfinity' : function does not take 2 arguments
     1>c:\users\inam baig\documents\visual studio 2013\projects\project43\project43\floyd.cpp(11): error C2660: 'minWithInfinity' : function does not take 1 arguments
         Source.cpp
     1>c1xx : fatal error C1083: Cannot open source file: 'Source.cpp': No such file or directory
         Floyd.cpp
     1>c:\users\inam baig\documents\visual studio 2013\projects\project43\project43\floyd.cpp(11): error C2660: 'addWithInfinity' : function does not take 2 arguments
     1>c:\users\inam baig\documents\visual studio 2013\projects\project43\project43\floyd.cpp(11): error C2660: 'minWithInfinity' : function does not take 1 arguments
         Generating Code...
     1>Done Building Project "c:\Users\inam baig\documents\visual studio 2013\Projects\Project43\Project43\Project43.vcxproj" (Build target(s)) -- FAILED.

Build FAILED.

Time Elapsed 00:00:01.82
