Build started 7/24/2018 3:17:25 AM.
     1>Project "c:\Users\inam baig\documents\visual studio 2013\Projects\Project4\Project4\Project4.vcxproj" on node 2 (Build target(s)).
     1>ClCompile:
         C:\Program Files (x86)\Microsoft Visual Studio 12.0\VC\bin\CL.exe /c /ZI /nologo /W3 /WX- /sdl /Od /Oy- /D _MBCS /Gm /EHsc /RTC1 /MDd /GS /fp:precise /Zc:wchar_t /Zc:forScope /Fo"Debug\\" /Fd"Debug\vc120.pdb" /Gd /TP /analyze- /errorReport:prompt Source.cpp
         Source.cpp
     1>c:\users\inam baig\documents\visual studio 2013\projects\project4\project4\source.cpp(37): warning C4129: 'E' : unrecognized character escape sequence
     1>c:\users\inam baig\documents\visual studio 2013\projects\project4\project4\source.cpp(37): warning C4129: 'w' : unrecognized character escape sequence
     1>c:\users\inam baig\documents\visual studio 2013\projects\project4\project4\source.cpp(37): error C4996: 'fopen': This function or variable may be unsafe. Consider using fopen_s instead. To disable deprecation, use _CRT_SECURE_NO_WARNINGS. See online help for details.
                 c:\program files (x86)\microsoft visual studio 12.0\vc\include\stdio.h(211) : see declaration of 'fopen'
     1>c:\users\inam baig\documents\visual studio 2013\projects\project4\project4\source.cpp(38): warning C4129: 'E' : unrecognized character escape sequence
     1>c:\users\inam baig\documents\visual studio 2013\projects\project4\project4\source.cpp(38): warning C4129: 'w' : unrecognized character escape sequence
     1>Done Building Project "c:\Users\inam baig\documents\visual studio 2013\Projects\Project4\Project4\Project4.vcxproj" (Build target(s)) -- FAILED.

Build FAILED.

Time Elapsed 00:00:00.85
